# JRE version: OpenJDK Runtime Environment (8.0_112-b06) (build 1.8.0_112-release-b06)
# Java VM: OpenJDK 64-Bit Server VM (25.112-b06 mixed mode windows-amd64 compressed oops)
Heap:
 PSYoungGen      total 271872K, used 271851K [0x00000000eab00000, 0x00000000fe080000, 0x0000000100000000)
  eden space 248832K, 100% used [0x00000000eab00000,0x00000000f9e00000,0x00000000f9e00000)
  from space 23040K, 99% used [0x00000000fbb80000,0x00000000fd1faed8,0x00000000fd200000)
  to   space 14848K, 76% used [0x00000000fd200000,0x00000000fdd12418,0x00000000fe080000)
 ParOldGen       total 179712K, used 75801K [0x00000000c0000000, 0x00000000caf80000, 0x00000000eab00000)
  object space 179712K, 42% used [0x00000000c0000000,0x00000000c4a06400,0x00000000caf80000)
 Metaspace       used 77820K, capacity 84918K, committed 85080K, reserved 1124352K
  class space    used 10063K, capacity 11008K, committed 11096K, reserved 1048576K
GC Heap History (10 events):
Event: 12120.630 GC heap after
Heap after GC invocations=32 (full 3):
 PSYoungGen      total 271360K, used 16325K [0x00000000eab00000, 0x00000000feb80000, 0x0000000100000000)
  eden space 242688K, 0% used [0x00000000eab00000,0x00000000eab00000,0x00000000f9800000)
  from space 28672K, 56% used [0x00000000f9800000,0x00000000fa7f1408,0x00000000fb400000)
  to   space 28160K, 0% used [0x00000000fd000000,0x00000000fd000000,0x00000000feb80000)
 ParOldGen       total 179712K, used 75777K [0x00000000c0000000, 0x00000000caf80000, 0x00000000eab00000)
  object space 179712K, 42% used [0x00000000c0000000,0x00000000c4a00400,0x00000000caf80000)
 Metaspace       used 76522K, capacity 82522K, committed 82776K, reserved 1122304K
  class space    used 9899K, capacity 10776K, committed 10840K, reserved 1048576K
}
Event: 12178.813 GC heap before
{Heap before GC invocations=33 (full 3):
 PSYoungGen      total 271360K, used 259013K [0x00000000eab00000, 0x00000000feb80000, 0x0000000100000000)
  eden space 242688K, 100% used [0x00000000eab00000,0x00000000f9800000,0x00000000f9800000)
  from space 28672K, 56% used [0x00000000f9800000,0x00000000fa7f1408,0x00000000fb400000)
  to   space 28160K, 0% used [0x00000000fd000000,0x00000000fd000000,0x00000000feb80000)
 ParOldGen       total 179712K, used 75777K [0x00000000c0000000, 0x00000000caf80000, 0x00000000eab00000)
  object space 179712K, 42% used [0x00000000c0000000,0x00000000c4a00400,0x00000000caf80000)
 Metaspace       used 76592K, capacity 82700K, committed 82776K, reserved 1122304K
  class space    used 9908K, capacity 10787K, committed 10840K, reserved 1048576K
Event: 12178.843 GC heap after
Heap after GC invocations=33 (full 3):
 PSYoungGen      total 289792K, used 18745K [0x00000000eab00000, 0x00000000fe680000, 0x0000000100000000)
  eden space 266752K, 0% used [0x00000000eab00000,0x00000000eab00000,0x00000000faf80000)
  from space 23040K, 81% used [0x00000000fd000000,0x00000000fe24e5c0,0x00000000fe680000)
  to   space 28160K, 0% used [0x00000000faf80000,0x00000000faf80000,0x00000000fcb00000)
 ParOldGen       total 179712K, used 75777K [0x00000000c0000000, 0x00000000caf80000, 0x00000000eab00000)
  object space 179712K, 42% used [0x00000000c0000000,0x00000000c4a00400,0x00000000caf80000)
 Metaspace       used 76592K, capacity 82700K, committed 82776K, reserved 1122304K
  class space    used 9908K, capacity 10787K, committed 10840K, reserved 1048576K
}
Event: 13120.123 GC heap before
{Heap before GC invocations=34 (full 3):
 PSYoungGen      total 289792K, used 285497K [0x00000000eab00000, 0x00000000fe680000, 0x0000000100000000)
  eden space 266752K, 100% used [0x00000000eab00000,0x00000000faf80000,0x00000000faf80000)
  from space 23040K, 81% used [0x00000000fd000000,0x00000000fe24e5c0,0x00000000fe680000)
  to   space 28160K, 0% used [0x00000000faf80000,0x00000000faf80000,0x00000000fcb00000)
 ParOldGen       total 179712K, used 75777K [0x00000000c0000000, 0x00000000caf80000, 0x00000000eab00000)
  object space 179712K, 42% used [0x00000000c0000000,0x00000000c4a00400,0x00000000caf80000)
 Metaspace       used 77044K, capacity 83422K, committed 83672K, reserved 1122304K
  class space    used 9966K, capacity 10874K, committed 10968K, reserved 1048576K
Event: 13120.139 GC heap after
Heap after GC invocations=34 (full 3):
 PSYoungGen      total 294912K, used 10793K [0x00000000eab00000, 0x00000000ffb00000, 0x0000000100000000)
  eden space 266752K, 0% used [0x00000000eab00000,0x00000000eab00000,0x00000000faf80000)
  from space 28160K, 38% used [0x00000000faf80000,0x00000000fba0a5d0,0x00000000fcb00000)
  to   space 27648K, 0% used [0x00000000fe000000,0x00000000fe000000,0x00000000ffb00000)
 ParOldGen       total 179712K, used 75777K [0x00000000c0000000, 0x00000000caf80000, 0x00000000eab00000)
  object space 179712K, 42% used [0x00000000c0000000,0x00000000c4a00400,0x00000000caf80000)
 Metaspace       used 77044K, capacity 83422K, committed 83672K, reserved 1122304K
  class space    used 9966K, capacity 10874K, committed 10968K, reserved 1048576K
}
Event: 13315.981 GC heap before
{Heap before GC invocations=35 (full 3):
 PSYoungGen      total 294912K, used 277545K [0x00000000eab00000, 0x00000000ffb00000, 0x0000000100000000)
  eden space 266752K, 100% used [0x00000000eab00000,0x00000000faf80000,0x00000000faf80000)
  from space 28160K, 38% used [0x00000000faf80000,0x00000000fba0a5d0,0x00000000fcb00000)
  to   space 27648K, 0% used [0x00000000fe000000,0x00000000fe000000,0x00000000ffb00000)
 ParOldGen       total 179712K, used 75777K [0x00000000c0000000, 0x00000000caf80000, 0x00000000eab00000)
  object space 179712K, 42% used [0x00000000c0000000,0x00000000c4a00400,0x00000000caf80000)
 Metaspace       used 77330K, capacity 83944K, committed 84184K, reserved 1122304K
  class space    used 9994K, capacity 10913K, committed 10968K, reserved 1048576K
Event: 13316.005 GC heap after
Heap after GC invocations=35 (full 3):
 PSYoungGen      total 275456K, used 17449K [0x00000000eab00000, 0x00000000ff180000, 0x0000000100000000)
  eden space 257536K, 0% used [0x00000000eab00000,0x00000000eab00000,0x00000000fa680000)
  from space 17920K, 97% used [0x00000000fe000000,0x00000000ff10a5f0,0x00000000ff180000)
  to   space 27648K, 0% used [0x00000000fbb80000,0x00000000fbb80000,0x00000000fd680000)
 ParOldGen       total 179712K, used 75785K [0x00000000c0000000, 0x00000000caf80000, 0x00000000eab00000)
  object space 179712K, 42% used [0x00000000c0000000,0x00000000c4a02400,0x00000000caf80000)
 Metaspace       used 77330K, capacity 83944K, committed 84184K, reserved 1122304K
  class space    used 9994K, capacity 10913K, committed 10968K, reserved 1048576K
}
Event: 13386.174 GC heap before
{Heap before GC invocations=36 (full 3):
 PSYoungGen      total 275456K, used 274942K [0x00000000eab00000, 0x00000000ff180000, 0x0000000100000000)
  eden space 257536K, 99% used [0x00000000eab00000,0x00000000fa675220,0x00000000fa680000)
  from space 17920K, 97% used [0x00000000fe000000,0x00000000ff10a5f0,0x00000000ff180000)
  to   space 27648K, 0% used [0x00000000fbb80000,0x00000000fbb80000,0x00000000fd680000)
 ParOldGen       total 179712K, used 75785K [0x00000000c0000000, 0x00000000caf80000, 0x00000000eab00000)
  object space 179712K, 42% used [0x00000000c0000000,0x00000000c4a02400,0x00000000caf80000)
 Metaspace       used 77572K, capacity 84546K, committed 84696K, reserved 1122304K
  class space    used 10025K, capacity 10964K, committed 10968K, reserved 1048576K
Event: 13386.192 GC heap after
Heap after GC invocations=36 (full 3):
 PSYoungGen      total 271872K, used 23019K [0x00000000eab00000, 0x00000000fe080000, 0x0000000100000000)
  eden space 248832K, 0% used [0x00000000eab00000,0x00000000eab00000,0x00000000f9e00000)
  from space 23040K, 99% used [0x00000000fbb80000,0x00000000fd1faed8,0x00000000fd200000)
  to   space 14848K, 0% used [0x00000000fd200000,0x00000000fd200000,0x00000000fe080000)
 ParOldGen       total 179712K, used 75793K [0x00000000c0000000, 0x00000000caf80000, 0x00000000eab00000)
  object space 179712K, 42% used [0x00000000c0000000,0x00000000c4a04400,0x00000000caf80000)
 Metaspace       used 77572K, capacity 84546K, committed 84696K, reserved 1122304K
  class space    used 10025K, capacity 10964K, committed 10968K, reserved 1048576K
}
Event: 13820.584 GC heap before
{Heap before GC invocations=37 (full 3):
 PSYoungGen      total 271872K, used 271851K [0x00000000eab00000, 0x00000000fe080000, 0x0000000100000000)
  eden space 248832K, 100% used [0x00000000eab00000,0x00000000f9e00000,0x00000000f9e00000)
  from space 23040K, 99% used [0x00000000fbb80000,0x00000000fd1faed8,0x00000000fd200000)
  to   space 14848K, 0% used [0x00000000fd200000,0x00000000fd200000,0x00000000fe080000)
 ParOldGen       total 179712K, used 75793K [0x00000000c0000000, 0x00000000caf80000, 0x00000000eab00000)
  object space 179712K, 42% used [0x00000000c0000000,0x00000000c4a04400,0x00000000caf80000)
 Metaspace       used 77820K, capacity 84918K, committed 85080K, reserved 1124352K
  class space    used 10063K, capacity 11008K, committed 11096K, reserved 1048576K

