# JRE version: OpenJDK Runtime Environment (8.0_112-b06) (build 1.8.0_112-release-b06)
# Java VM: OpenJDK 64-Bit Server VM (25.112-b06 mixed mode windows-amd64 compressed oops)
Heap:
 PSYoungGen      total 399360K, used 399346K [0x00000000e0000000, 0x00000000fb980000, 0x0000000100000000)
  eden space 362496K, 100% used [0x00000000e0000000,0x00000000f6200000,0x00000000f6200000)
  from space 36864K, 99% used [0x00000000f8c80000,0x00000000fb07ca70,0x00000000fb080000)
  to   space 43520K, 78% used [0x00000000f6200000,0x00000000f833eba0,0x00000000f8c80000)
 ParOldGen       total 204800K, used 72848K [0x00000000a0000000, 0x00000000ac800000, 0x00000000e0000000)
  object space 204800K, 35% used [0x00000000a0000000,0x00000000a47241c8,0x00000000ac800000)
 Metaspace       used 88595K, capacity 97717K, committed 98964K, reserved 1136640K
  class space    used 11104K, capacity 12034K, committed 12436K, reserved 1048576K
GC Heap History (10 events):
Event: 10744.790 GC heap after
Heap after GC invocations=82 (full 4):
 PSYoungGen      total 332288K, used 11004K [0x00000000e0000000, 0x00000000f6980000, 0x0000000100000000)
  eden space 302592K, 0% used [0x00000000e0000000,0x00000000e0000000,0x00000000f2780000)
  from space 29696K, 37% used [0x00000000f4c80000,0x00000000f573f180,0x00000000f6980000)
  to   space 33792K, 0% used [0x00000000f2780000,0x00000000f2780000,0x00000000f4880000)
 ParOldGen       total 204800K, used 64891K [0x00000000a0000000, 0x00000000ac800000, 0x00000000e0000000)
  object space 204800K, 31% used [0x00000000a0000000,0x00000000a3f5eca0,0x00000000ac800000)
 Metaspace       used 87880K, capacity 96699K, committed 98380K, reserved 1134592K
  class space    used 11041K, capacity 11959K, committed 12436K, reserved 1048576K
}
Event: 10770.491 GC heap before
{Heap before GC invocations=83 (full 4):
 PSYoungGen      total 332288K, used 313562K [0x00000000e0000000, 0x00000000f6980000, 0x0000000100000000)
  eden space 302592K, 99% used [0x00000000e0000000,0x00000000f2777698,0x00000000f2780000)
  from space 29696K, 37% used [0x00000000f4c80000,0x00000000f573f180,0x00000000f6980000)
  to   space 33792K, 0% used [0x00000000f2780000,0x00000000f2780000,0x00000000f4880000)
 ParOldGen       total 204800K, used 64891K [0x00000000a0000000, 0x00000000ac800000, 0x00000000e0000000)
  object space 204800K, 31% used [0x00000000a0000000,0x00000000a3f5eca0,0x00000000ac800000)
 Metaspace       used 88018K, capacity 96851K, committed 98380K, reserved 1134592K
  class space    used 11048K, capacity 11967K, committed 12436K, reserved 1048576K
Event: 10770.512 GC heap after
Heap after GC invocations=83 (full 4):
 PSYoungGen      total 336384K, used 20689K [0x00000000e0000000, 0x00000000f8e80000, 0x0000000100000000)
  eden space 302592K, 0% used [0x00000000e0000000,0x00000000e0000000,0x00000000f2780000)
  from space 33792K, 61% used [0x00000000f2780000,0x00000000f3bb4660,0x00000000f4880000)
  to   space 33792K, 0% used [0x00000000f6d80000,0x00000000f6d80000,0x00000000f8e80000)
 ParOldGen       total 204800K, used 64899K [0x00000000a0000000, 0x00000000ac800000, 0x00000000e0000000)
  object space 204800K, 31% used [0x00000000a0000000,0x00000000a3f60ca0,0x00000000ac800000)
 Metaspace       used 88018K, capacity 96851K, committed 98380K, reserved 1134592K
  class space    used 11048K, capacity 11967K, committed 12436K, reserved 1048576K
}
Event: 11903.060 GC heap before
{Heap before GC invocations=84 (full 4):
 PSYoungGen      total 336384K, used 323281K [0x00000000e0000000, 0x00000000f8e80000, 0x0000000100000000)
  eden space 302592K, 100% used [0x00000000e0000000,0x00000000f2780000,0x00000000f2780000)
  from space 33792K, 61% used [0x00000000f2780000,0x00000000f3bb4660,0x00000000f4880000)
  to   space 33792K, 0% used [0x00000000f6d80000,0x00000000f6d80000,0x00000000f8e80000)
 ParOldGen       total 204800K, used 64899K [0x00000000a0000000, 0x00000000ac800000, 0x00000000e0000000)
  object space 204800K, 31% used [0x00000000a0000000,0x00000000a3f60ca0,0x00000000ac800000)
 Metaspace       used 88073K, capacity 96915K, committed 98380K, reserved 1134592K
  class space    used 11048K, capacity 11967K, committed 12436K, reserved 1048576K
Event: 11903.083 GC heap after
Heap after GC invocations=84 (full 4):
 PSYoungGen      total 363008K, used 13332K [0x00000000e0000000, 0x00000000f8780000, 0x0000000100000000)
  eden space 336384K, 0% used [0x00000000e0000000,0x00000000e0000000,0x00000000f4880000)
  from space 26624K, 50% used [0x00000000f6d80000,0x00000000f7a85040,0x00000000f8780000)
  to   space 32256K, 0% used [0x00000000f4880000,0x00000000f4880000,0x00000000f6800000)
 ParOldGen       total 204800K, used 64899K [0x00000000a0000000, 0x00000000ac800000, 0x00000000e0000000)
  object space 204800K, 31% used [0x00000000a0000000,0x00000000a3f60ca0,0x00000000ac800000)
 Metaspace       used 88073K, capacity 96915K, committed 98380K, reserved 1134592K
  class space    used 11048K, capacity 11967K, committed 12436K, reserved 1048576K
}
Event: 13154.635 GC heap before
{Heap before GC invocations=85 (full 4):
 PSYoungGen      total 363008K, used 349716K [0x00000000e0000000, 0x00000000f8780000, 0x0000000100000000)
  eden space 336384K, 100% used [0x00000000e0000000,0x00000000f4880000,0x00000000f4880000)
  from space 26624K, 50% used [0x00000000f6d80000,0x00000000f7a85040,0x00000000f8780000)
  to   space 32256K, 0% used [0x00000000f4880000,0x00000000f4880000,0x00000000f6800000)
 ParOldGen       total 204800K, used 64899K [0x00000000a0000000, 0x00000000ac800000, 0x00000000e0000000)
  object space 204800K, 31% used [0x00000000a0000000,0x00000000a3f60ca0,0x00000000ac800000)
 Metaspace       used 88357K, capacity 97423K, committed 98964K, reserved 1136640K
  class space    used 11082K, capacity 12003K, committed 12436K, reserved 1048576K
Event: 13154.681 GC heap after
Heap after GC invocations=85 (full 4):
 PSYoungGen      total 368640K, used 31761K [0x00000000e0000000, 0x00000000fb080000, 0x0000000100000000)
  eden space 336384K, 0% used [0x00000000e0000000,0x00000000e0000000,0x00000000f4880000)
  from space 32256K, 98% used [0x00000000f4880000,0x00000000f6784778,0x00000000f6800000)
  to   space 36864K, 0% used [0x00000000f8c80000,0x00000000f8c80000,0x00000000fb080000)
 ParOldGen       total 204800K, used 68614K [0x00000000a0000000, 0x00000000ac800000, 0x00000000e0000000)
  object space 204800K, 33% used [0x00000000a0000000,0x00000000a4301b90,0x00000000ac800000)
 Metaspace       used 88357K, capacity 97423K, committed 98964K, reserved 1136640K
  class space    used 11082K, capacity 12003K, committed 12436K, reserved 1048576K
}
Event: 13182.647 GC heap before
{Heap before GC invocations=86 (full 4):
 PSYoungGen      total 368640K, used 368145K [0x00000000e0000000, 0x00000000fb080000, 0x0000000100000000)
  eden space 336384K, 100% used [0x00000000e0000000,0x00000000f4880000,0x00000000f4880000)
  from space 32256K, 98% used [0x00000000f4880000,0x00000000f6784778,0x00000000f6800000)
  to   space 36864K, 0% used [0x00000000f8c80000,0x00000000f8c80000,0x00000000fb080000)
 ParOldGen       total 204800K, used 68614K [0x00000000a0000000, 0x00000000ac800000, 0x00000000e0000000)
  object space 204800K, 33% used [0x00000000a0000000,0x00000000a4301b90,0x00000000ac800000)
 Metaspace       used 88553K, capacity 97653K, committed 98964K, reserved 1136640K
  class space    used 11104K, capacity 12034K, committed 12436K, reserved 1048576K
Event: 13182.722 GC heap after
Heap after GC invocations=86 (full 4):
 PSYoungGen      total 399360K, used 36850K [0x00000000e0000000, 0x00000000fb980000, 0x0000000100000000)
  eden space 362496K, 0% used [0x00000000e0000000,0x00000000e0000000,0x00000000f6200000)
  from space 36864K, 99% used [0x00000000f8c80000,0x00000000fb07ca70,0x00000000fb080000)
  to   space 43520K, 0% used [0x00000000f6200000,0x00000000f6200000,0x00000000f8c80000)
 ParOldGen       total 204800K, used 72768K [0x00000000a0000000, 0x00000000ac800000, 0x00000000e0000000)
  object space 204800K, 35% used [0x00000000a0000000,0x00000000a47101c8,0x00000000ac800000)
 Metaspace       used 88553K, capacity 97653K, committed 98964K, reserved 1136640K
  class space    used 11104K, capacity 12034K, committed 12436K, reserved 1048576K
}
Event: 13187.901 GC heap before
{Heap before GC invocations=87 (full 4):
 PSYoungGen      total 399360K, used 399346K [0x00000000e0000000, 0x00000000fb980000, 0x0000000100000000)
  eden space 362496K, 100% used [0x00000000e0000000,0x00000000f6200000,0x00000000f6200000)
  from space 36864K, 99% used [0x00000000f8c80000,0x00000000fb07ca70,0x00000000fb080000)
  to   space 43520K, 0% used [0x00000000f6200000,0x00000000f6200000,0x00000000f8c80000)
 ParOldGen       total 204800K, used 72768K [0x00000000a0000000, 0x00000000ac800000, 0x00000000e0000000)
  object space 204800K, 35% used [0x00000000a0000000,0x00000000a47101c8,0x00000000ac800000)
 Metaspace       used 88595K, capacity 97717K, committed 98964K, reserved 1136640K
  class space    used 11104K, capacity 12034K, committed 12436K, reserved 1048576K

