# JRE version: OpenJDK Runtime Environment (8.0_112-b06) (build 1.8.0_112-release-b06)
# Java VM: OpenJDK 64-Bit Server VM (25.112-b06 mixed mode windows-amd64 compressed oops)
Heap:
 PSYoungGen      total 185856K, used 183325K [0x00000000e0000000, 0x00000000ef080000, 0x0000000100000000)
  eden space 166912K, 98% used [0x00000000e0000000,0x00000000ea08a728,0x00000000ea300000)
  from space 18944K, 99% used [0x00000000ec000000,0x00000000ed27ce78,0x00000000ed280000)
  to   space 29696K, 96% used [0x00000000ea300000,0x00000000ebee65f8,0x00000000ec000000)
 ParOldGen       total 99840K, used 50565K [0x00000000a0000000, 0x00000000a6180000, 0x00000000e0000000)
  object space 99840K, 50% used [0x00000000a0000000,0x00000000a3161630,0x00000000a6180000)
 Metaspace       used 55435K, capacity 58914K, committed 59028K, reserved 1099776K
  class space    used 7505K, capacity 8062K, committed 8152K, reserved 1048576K
GC Heap History (10 events):
Event: 9.039 GC heap after
Heap after GC invocations=8 (full 1):
 PSYoungGen      total 110592K, used 11242K [0x00000000e0000000, 0x00000000eac00000, 0x0000000100000000)
  eden space 99328K, 0% used [0x00000000e0000000,0x00000000e0000000,0x00000000e6100000)
  from space 11264K, 99% used [0x00000000e6100000,0x00000000e6bfaa68,0x00000000e6c00000)
  to   space 12800K, 0% used [0x00000000e9f80000,0x00000000e9f80000,0x00000000eac00000)
 ParOldGen       total 62976K, used 12807K [0x00000000a0000000, 0x00000000a3d80000, 0x00000000e0000000)
  object space 62976K, 20% used [0x00000000a0000000,0x00000000a0c81d30,0x00000000a3d80000)
 Metaspace       used 34517K, capacity 35276K, committed 35416K, reserved 1079296K
  class space    used 4670K, capacity 4889K, committed 4952K, reserved 1048576K
}
Event: 9.039 GC heap before
{Heap before GC invocations=9 (full 2):
 PSYoungGen      total 110592K, used 11242K [0x00000000e0000000, 0x00000000eac00000, 0x0000000100000000)
  eden space 99328K, 0% used [0x00000000e0000000,0x00000000e0000000,0x00000000e6100000)
  from space 11264K, 99% used [0x00000000e6100000,0x00000000e6bfaa68,0x00000000e6c00000)
  to   space 12800K, 0% used [0x00000000e9f80000,0x00000000e9f80000,0x00000000eac00000)
 ParOldGen       total 62976K, used 12807K [0x00000000a0000000, 0x00000000a3d80000, 0x00000000e0000000)
  object space 62976K, 20% used [0x00000000a0000000,0x00000000a0c81d30,0x00000000a3d80000)
 Metaspace       used 34517K, capacity 35276K, committed 35416K, reserved 1079296K
  class space    used 4670K, capacity 4889K, committed 4952K, reserved 1048576K
Event: 9.145 GC heap after
Heap after GC invocations=9 (full 2):
 PSYoungGen      total 110592K, used 0K [0x00000000e0000000, 0x00000000eac00000, 0x0000000100000000)
  eden space 99328K, 0% used [0x00000000e0000000,0x00000000e0000000,0x00000000e6100000)
  from space 11264K, 0% used [0x00000000e6100000,0x00000000e6100000,0x00000000e6c00000)
  to   space 12800K, 0% used [0x00000000e9f80000,0x00000000e9f80000,0x00000000eac00000)
 ParOldGen       total 99840K, used 17658K [0x00000000a0000000, 0x00000000a6180000, 0x00000000e0000000)
  object space 99840K, 17% used [0x00000000a0000000,0x00000000a113e8c8,0x00000000a6180000)
 Metaspace       used 34517K, capacity 35276K, committed 35416K, reserved 1079296K
  class space    used 4670K, capacity 4889K, committed 4952K, reserved 1048576K
}
Event: 11.068 GC heap before
{Heap before GC invocations=10 (full 2):
 PSYoungGen      total 110592K, used 99328K [0x00000000e0000000, 0x00000000eac00000, 0x0000000100000000)
  eden space 99328K, 100% used [0x00000000e0000000,0x00000000e6100000,0x00000000e6100000)
  from space 11264K, 0% used [0x00000000e6100000,0x00000000e6100000,0x00000000e6c00000)
  to   space 12800K, 0% used [0x00000000e9f80000,0x00000000e9f80000,0x00000000eac00000)
 ParOldGen       total 99840K, used 17658K [0x00000000a0000000, 0x00000000a6180000, 0x00000000e0000000)
  object space 99840K, 17% used [0x00000000a0000000,0x00000000a113e8c8,0x00000000a6180000)
 Metaspace       used 42052K, capacity 43148K, committed 43352K, reserved 1087488K
  class space    used 5684K, capacity 5944K, committed 5976K, reserved 1048576K
Event: 11.094 GC heap after
Heap after GC invocations=10 (full 2):
 PSYoungGen      total 152064K, used 10207K [0x00000000e0000000, 0x00000000ea980000, 0x0000000100000000)
  eden space 141824K, 0% used [0x00000000e0000000,0x00000000e0000000,0x00000000e8a80000)
  from space 10240K, 99% used [0x00000000e9f80000,0x00000000ea977eb0,0x00000000ea980000)
  to   space 13312K, 0% used [0x00000000e8f80000,0x00000000e8f80000,0x00000000e9c80000)
 ParOldGen       total 99840K, used 17666K [0x00000000a0000000, 0x00000000a6180000, 0x00000000e0000000)
  object space 99840K, 17% used [0x00000000a0000000,0x00000000a11408c8,0x00000000a6180000)
 Metaspace       used 42052K, capacity 43148K, committed 43352K, reserved 1087488K
  class space    used 5684K, capacity 5944K, committed 5976K, reserved 1048576K
}
Event: 15.405 GC heap before
{Heap before GC invocations=11 (full 2):
 PSYoungGen      total 152064K, used 152031K [0x00000000e0000000, 0x00000000ea980000, 0x0000000100000000)
  eden space 141824K, 100% used [0x00000000e0000000,0x00000000e8a80000,0x00000000e8a80000)
  from space 10240K, 99% used [0x00000000e9f80000,0x00000000ea977eb0,0x00000000ea980000)
  to   space 13312K, 0% used [0x00000000e8f80000,0x00000000e8f80000,0x00000000e9c80000)
 ParOldGen       total 99840K, used 17666K [0x00000000a0000000, 0x00000000a6180000, 0x00000000e0000000)
  object space 99840K, 17% used [0x00000000a0000000,0x00000000a11408c8,0x00000000a6180000)
 Metaspace       used 48822K, capacity 50730K, committed 50776K, reserved 1093632K
  class space    used 6593K, capacity 6965K, committed 7000K, reserved 1048576K
Event: 15.455 GC heap after
Heap after GC invocations=11 (full 2):
 PSYoungGen      total 160256K, used 13283K [0x00000000e0000000, 0x00000000ed280000, 0x0000000100000000)
  eden space 146944K, 0% used [0x00000000e0000000,0x00000000e0000000,0x00000000e8f80000)
  from space 13312K, 99% used [0x00000000e8f80000,0x00000000e9c78c70,0x00000000e9c80000)
  to   space 18944K, 0% used [0x00000000ec000000,0x00000000ec000000,0x00000000ed280000)
 ParOldGen       total 99840K, used 28087K [0x00000000a0000000, 0x00000000a6180000, 0x00000000e0000000)
  object space 99840K, 28% used [0x00000000a0000000,0x00000000a1b6dcd0,0x00000000a6180000)
 Metaspace       used 48822K, capacity 50730K, committed 50776K, reserved 1093632K
  class space    used 6593K, capacity 6965K, committed 7000K, reserved 1048576K
}
Event: 19.812 GC heap before
{Heap before GC invocations=12 (full 2):
 PSYoungGen      total 160256K, used 160227K [0x00000000e0000000, 0x00000000ed280000, 0x0000000100000000)
  eden space 146944K, 100% used [0x00000000e0000000,0x00000000e8f80000,0x00000000e8f80000)
  from space 13312K, 99% used [0x00000000e8f80000,0x00000000e9c78c70,0x00000000e9c80000)
  to   space 18944K, 0% used [0x00000000ec000000,0x00000000ec000000,0x00000000ed280000)
 ParOldGen       total 99840K, used 28087K [0x00000000a0000000, 0x00000000a6180000, 0x00000000e0000000)
  object space 99840K, 28% used [0x00000000a0000000,0x00000000a1b6dcd0,0x00000000a6180000)
 Metaspace       used 50716K, capacity 53468K, committed 53720K, reserved 1095680K
  class space    used 6811K, capacity 7257K, committed 7384K, reserved 1048576K
Event: 19.894 GC heap after
Heap after GC invocations=12 (full 2):
 PSYoungGen      total 185856K, used 18931K [0x00000000e0000000, 0x00000000ef080000, 0x0000000100000000)
  eden space 166912K, 0% used [0x00000000e0000000,0x00000000e0000000,0x00000000ea300000)
  from space 18944K, 99% used [0x00000000ec000000,0x00000000ed27ce78,0x00000000ed280000)
  to   space 29696K, 0% used [0x00000000ea300000,0x00000000ea300000,0x00000000ec000000)
 ParOldGen       total 99840K, used 50565K [0x00000000a0000000, 0x00000000a6180000, 0x00000000e0000000)
  object space 99840K, 50% used [0x00000000a0000000,0x00000000a3161630,0x00000000a6180000)
 Metaspace       used 50716K, capacity 53468K, committed 53720K, reserved 1095680K
  class space    used 6811K, capacity 7257K, committed 7384K, reserved 1048576K
}
Event: 23.065 GC heap before
{Heap before GC invocations=13 (full 2):
 PSYoungGen      total 185856K, used 183325K [0x00000000e0000000, 0x00000000ef080000, 0x0000000100000000)
  eden space 166912K, 98% used [0x00000000e0000000,0x00000000ea08a728,0x00000000ea300000)
  from space 18944K, 99% used [0x00000000ec000000,0x00000000ed27ce78,0x00000000ed280000)
  to   space 29696K, 0% used [0x00000000ea300000,0x00000000ea300000,0x00000000ec000000)
 ParOldGen       total 99840K, used 50565K [0x00000000a0000000, 0x00000000a6180000, 0x00000000e0000000)
  object space 99840K, 50% used [0x00000000a0000000,0x00000000a3161630,0x00000000a6180000)
 Metaspace       used 55435K, capacity 58914K, committed 59028K, reserved 1099776K
  class space    used 7505K, capacity 8062K, committed 8152K, reserved 1048576K

