# JRE version: OpenJDK Runtime Environment (8.0_112-b06) (build 1.8.0_112-release-b06)
# Java VM: OpenJDK 64-Bit Server VM (25.112-b06 mixed mode windows-amd64 compressed oops)
Heap:
 PSYoungGen      total 261120K, used 251268K [0x00000000e0000000, 0x00000000f4180000, 0x0000000100000000)
  eden space 225792K, 100% used [0x00000000e0000000,0x00000000edc80000,0x00000000edc80000)
  from space 35328K, 72% used [0x00000000edc80000,0x00000000ef561100,0x00000000eff00000)
  to   space 36864K, 39% used [0x00000000f1d80000,0x00000000f2bbd0d0,0x00000000f4180000)
 ParOldGen       total 201216K, used 62277K [0x00000000a0000000, 0x00000000ac480000, 0x00000000e0000000)
  object space 201216K, 30% used [0x00000000a0000000,0x00000000a3cd1438,0x00000000ac480000)
 Metaspace       used 65694K, capacity 70322K, committed 70528K, reserved 1110016K
  class space    used 8581K, capacity 9302K, committed 9344K, reserved 1048576K
GC Heap History (10 events):
Event: 25.025 GC heap after
Heap after GC invocations=12 (full 2):
 PSYoungGen      total 226816K, used 30176K [0x00000000e0000000, 0x00000000f1080000, 0x0000000100000000)
  eden space 196608K, 0% used [0x00000000e0000000,0x00000000e0000000,0x00000000ec000000)
  from space 30208K, 99% used [0x00000000ee580000,0x00000000f02f8278,0x00000000f0300000)
  to   space 38400K, 0% used [0x00000000ec000000,0x00000000ec000000,0x00000000ee580000)
 ParOldGen       total 111616K, used 54297K [0x00000000a0000000, 0x00000000a6d00000, 0x00000000e0000000)
  object space 111616K, 48% used [0x00000000a0000000,0x00000000a35066c8,0x00000000a6d00000)
 Metaspace       used 55964K, capacity 58904K, committed 59008K, reserved 1099776K
  class space    used 7509K, capacity 8011K, committed 8064K, reserved 1048576K
}
Event: 25.025 GC heap before
{Heap before GC invocations=13 (full 3):
 PSYoungGen      total 226816K, used 30176K [0x00000000e0000000, 0x00000000f1080000, 0x0000000100000000)
  eden space 196608K, 0% used [0x00000000e0000000,0x00000000e0000000,0x00000000ec000000)
  from space 30208K, 99% used [0x00000000ee580000,0x00000000f02f8278,0x00000000f0300000)
  to   space 38400K, 0% used [0x00000000ec000000,0x00000000ec000000,0x00000000ee580000)
 ParOldGen       total 111616K, used 54297K [0x00000000a0000000, 0x00000000a6d00000, 0x00000000e0000000)
  object space 111616K, 48% used [0x00000000a0000000,0x00000000a35066c8,0x00000000a6d00000)
 Metaspace       used 55964K, capacity 58904K, committed 59008K, reserved 1099776K
  class space    used 7509K, capacity 8011K, committed 8064K, reserved 1048576K
Event: 25.537 GC heap after
Heap after GC invocations=13 (full 3):
 PSYoungGen      total 226816K, used 0K [0x00000000e0000000, 0x00000000f1080000, 0x0000000100000000)
  eden space 196608K, 0% used [0x00000000e0000000,0x00000000e0000000,0x00000000ec000000)
  from space 30208K, 0% used [0x00000000ee580000,0x00000000ee580000,0x00000000f0300000)
  to   space 38400K, 0% used [0x00000000ec000000,0x00000000ec000000,0x00000000ee580000)
 ParOldGen       total 201216K, used 62245K [0x00000000a0000000, 0x00000000ac480000, 0x00000000e0000000)
  object space 201216K, 30% used [0x00000000a0000000,0x00000000a3cc9438,0x00000000ac480000)
 Metaspace       used 55964K, capacity 58904K, committed 59008K, reserved 1099776K
  class space    used 7509K, capacity 8011K, committed 8064K, reserved 1048576K
}
Event: 31.627 GC heap before
{Heap before GC invocations=14 (full 3):
 PSYoungGen      total 226816K, used 196608K [0x00000000e0000000, 0x00000000f1080000, 0x0000000100000000)
  eden space 196608K, 100% used [0x00000000e0000000,0x00000000ec000000,0x00000000ec000000)
  from space 30208K, 0% used [0x00000000ee580000,0x00000000ee580000,0x00000000f0300000)
  to   space 38400K, 0% used [0x00000000ec000000,0x00000000ec000000,0x00000000ee580000)
 ParOldGen       total 201216K, used 62245K [0x00000000a0000000, 0x00000000ac480000, 0x00000000e0000000)
  object space 201216K, 30% used [0x00000000a0000000,0x00000000a3cc9438,0x00000000ac480000)
 Metaspace       used 58820K, capacity 62322K, committed 62464K, reserved 1103872K
  class space    used 7880K, capacity 8444K, committed 8448K, reserved 1048576K
Event: 31.656 GC heap after
Heap after GC invocations=14 (full 3):
 PSYoungGen      total 235008K, used 10311K [0x00000000e0000000, 0x00000000f2c00000, 0x0000000100000000)
  eden space 196608K, 0% used [0x00000000e0000000,0x00000000e0000000,0x00000000ec000000)
  from space 38400K, 26% used [0x00000000ec000000,0x00000000eca11f78,0x00000000ee580000)
  to   space 37376K, 0% used [0x00000000f0780000,0x00000000f0780000,0x00000000f2c00000)
 ParOldGen       total 201216K, used 62253K [0x00000000a0000000, 0x00000000ac480000, 0x00000000e0000000)
  object space 201216K, 30% used [0x00000000a0000000,0x00000000a3ccb438,0x00000000ac480000)
 Metaspace       used 58820K, capacity 62322K, committed 62464K, reserved 1103872K
  class space    used 7880K, capacity 8444K, committed 8448K, reserved 1048576K
}
Event: 143.594 GC heap before
{Heap before GC invocations=15 (full 3):
 PSYoungGen      total 235008K, used 206919K [0x00000000e0000000, 0x00000000f2c00000, 0x0000000100000000)
  eden space 196608K, 100% used [0x00000000e0000000,0x00000000ec000000,0x00000000ec000000)
  from space 38400K, 26% used [0x00000000ec000000,0x00000000eca11f78,0x00000000ee580000)
  to   space 37376K, 0% used [0x00000000f0780000,0x00000000f0780000,0x00000000f2c00000)
 ParOldGen       total 201216K, used 62253K [0x00000000a0000000, 0x00000000ac480000, 0x00000000e0000000)
  object space 201216K, 30% used [0x00000000a0000000,0x00000000a3ccb438,0x00000000ac480000)
 Metaspace       used 62269K, capacity 66118K, committed 66304K, reserved 1105920K
  class space    used 8258K, capacity 8890K, committed 8960K, reserved 1048576K
Event: 143.631 GC heap after
Heap after GC invocations=15 (full 3):
 PSYoungGen      total 252416K, used 15378K [0x00000000e0000000, 0x00000000f2180000, 0x0000000100000000)
  eden space 225792K, 0% used [0x00000000e0000000,0x00000000e0000000,0x00000000edc80000)
  from space 26624K, 57% used [0x00000000f0780000,0x00000000f1684898,0x00000000f2180000)
  to   space 35328K, 0% used [0x00000000edc80000,0x00000000edc80000,0x00000000eff00000)
 ParOldGen       total 201216K, used 62261K [0x00000000a0000000, 0x00000000ac480000, 0x00000000e0000000)
  object space 201216K, 30% used [0x00000000a0000000,0x00000000a3ccd438,0x00000000ac480000)
 Metaspace       used 62269K, capacity 66118K, committed 66304K, reserved 1105920K
  class space    used 8258K, capacity 8890K, committed 8960K, reserved 1048576K
}
Event: 158.599 GC heap before
{Heap before GC invocations=16 (full 3):
 PSYoungGen      total 252416K, used 241170K [0x00000000e0000000, 0x00000000f2180000, 0x0000000100000000)
  eden space 225792K, 100% used [0x00000000e0000000,0x00000000edc80000,0x00000000edc80000)
  from space 26624K, 57% used [0x00000000f0780000,0x00000000f1684898,0x00000000f2180000)
  to   space 35328K, 0% used [0x00000000edc80000,0x00000000edc80000,0x00000000eff00000)
 ParOldGen       total 201216K, used 62261K [0x00000000a0000000, 0x00000000ac480000, 0x00000000e0000000)
  object space 201216K, 30% used [0x00000000a0000000,0x00000000a3ccd438,0x00000000ac480000)
 Metaspace       used 63402K, capacity 68002K, committed 68224K, reserved 1107968K
  class space    used 8374K, capacity 9070K, committed 9088K, reserved 1048576K
Event: 158.646 GC heap after
Heap after GC invocations=16 (full 3):
 PSYoungGen      total 261120K, used 25476K [0x00000000e0000000, 0x00000000f4180000, 0x0000000100000000)
  eden space 225792K, 0% used [0x00000000e0000000,0x00000000e0000000,0x00000000edc80000)
  from space 35328K, 72% used [0x00000000edc80000,0x00000000ef561100,0x00000000eff00000)
  to   space 36864K, 0% used [0x00000000f1d80000,0x00000000f1d80000,0x00000000f4180000)
 ParOldGen       total 201216K, used 62269K [0x00000000a0000000, 0x00000000ac480000, 0x00000000e0000000)
  object space 201216K, 30% used [0x00000000a0000000,0x00000000a3ccf438,0x00000000ac480000)
 Metaspace       used 63402K, capacity 68002K, committed 68224K, reserved 1107968K
  class space    used 8374K, capacity 9070K, committed 9088K, reserved 1048576K
}
Event: 176.171 GC heap before
{Heap before GC invocations=17 (full 3):
 PSYoungGen      total 261120K, used 251268K [0x00000000e0000000, 0x00000000f4180000, 0x0000000100000000)
  eden space 225792K, 100% used [0x00000000e0000000,0x00000000edc80000,0x00000000edc80000)
  from space 35328K, 72% used [0x00000000edc80000,0x00000000ef561100,0x00000000eff00000)
  to   space 36864K, 0% used [0x00000000f1d80000,0x00000000f1d80000,0x00000000f4180000)
 ParOldGen       total 201216K, used 62269K [0x00000000a0000000, 0x00000000ac480000, 0x00000000e0000000)
  object space 201216K, 30% used [0x00000000a0000000,0x00000000a3ccf438,0x00000000ac480000)
 Metaspace       used 65694K, capacity 70322K, committed 70528K, reserved 1110016K
  class space    used 8581K, capacity 9302K, committed 9344K, reserved 1048576K

